<?xml version="1.0" encoding="UTF-8"?>
<!-- Generated by org.testng.reporters.JUnitXMLReporter -->
<testsuite ignored="4" hostname="DESKTOP-LPSVTKP" failures="0" tests="6" name="Exclude_singleclass" time="0.119" errors="0" timestamp="2022-12-16T12:26:18 IST">
  <testcase classname="testNg_xml1.Exclude_singleClass" name="A" time="0.015"/>
  <testcase classname="testNg_xml1.Exclude_singleClass" name="B" time="0.002"/>
  <testcase classname="testNg_xml1.Exclude_singleClass" name="D" time="0.001"/>
  <testcase classname="testNg_xml1.Exclude_singleClass" name="E" time="0.004"/>
  <testcase classname="testNg_xml1.Exclude_singleClass" name="G" time="0.002"/>
  <testcase classname="testNg_xml1.Exclude_singleClass" name="I" time="0.003"/>
  <testcase classname="testNg_xml1.Exclude_singleClass" name="F" time="0.0">
    <ignored/>
  </testcase> <!-- F -->
  <testcase classname="testNg_xml1.Exclude_singleClass" name="C" time="0.0">
    <ignored/>
  </testcase> <!-- C -->
  <testcase classname="testNg_xml1.Exclude_singleClass" name="H" time="0.0">
    <ignored/>
  </testcase> <!-- H -->
  <testcase classname="testNg_xml1.Exclude_singleClass" name="J" time="0.0">
    <ignored/>
  </testcase> <!-- J -->
</testsuite> <!-- Exclude_singleclass -->
