<?xml version="1.0" encoding="UTF-8"?>
<!-- Generated by org.testng.reporters.JUnitXMLReporter -->
<testsuite ignored="7" hostname="DESKTOP-LPSVTKP" failures="0" tests="12" name="Grouping_Methods" time="0.19" errors="0" timestamp="2022-12-17T10:47:23 IST">
  <testcase classname="grouping_IN_Xml.GrupEx4" name="O" time="0.014"/>
  <testcase classname="grouping_IN_Xml.GrupEx4" name="Q" time="0.003"/>
  <testcase classname="grouping_IN_Xml.GrupEx4" name="S" time="0.002"/>
  <testcase classname="grouping_IN_Xml.GrupEx1" name="A" time="0.003"/>
  <testcase classname="grouping_IN_Xml.GrupEx1" name="C" time="0.005"/>
  <testcase classname="grouping_IN_Xml.grup3Ex3" name="J" time="0.006"/>
  <testcase classname="grouping_IN_Xml.grup3Ex3" name="L" time="0.005"/>
  <testcase classname="grouping_IN_Xml.grup3Ex3" name="M" time="0.001"/>
  <testcase classname="grouping_IN_Xml.GrupEx2" name="E" time="0.003"/>
  <testcase classname="grouping_IN_Xml.GrupEx2" name="G" time="0.003"/>
  <testcase classname="grouping_IN_Xml.GrupEx2" name="H" time="0.003"/>
  <testcase classname="grouping_IN_Xml.GrupEx2" name="I" time="0.003"/>
  <testcase classname="grouping_IN_Xml.GrupEx4" name="R" time="0.0">
    <ignored/>
  </testcase> <!-- R -->
  <testcase classname="grouping_IN_Xml.GrupEx2" name="F" time="0.0">
    <ignored/>
  </testcase> <!-- F -->
  <testcase classname="grouping_IN_Xml.GrupEx1" name="B" time="0.0">
    <ignored/>
  </testcase> <!-- B -->
  <testcase classname="grouping_IN_Xml.grup3Ex3" name="K" time="0.0">
    <ignored/>
  </testcase> <!-- K -->
  <testcase classname="grouping_IN_Xml.grup3Ex3" name="N" time="0.0">
    <ignored/>
  </testcase> <!-- N -->
  <testcase classname="grouping_IN_Xml.GrupEx1" name="D" time="0.0">
    <ignored/>
  </testcase> <!-- D -->
  <testcase classname="grouping_IN_Xml.GrupEx4" name="P" time="0.0">
    <ignored/>
  </testcase> <!-- P -->
</testsuite> <!-- Grouping_Methods -->
