<?xml version="1.0" encoding="UTF-8"?>
<!-- Generated by org.testng.reporters.JUnitXMLReporter -->
<testsuite ignored="20" hostname="DESKTOP-LPSVTKP" failures="0" tests="19" name="Multiclass_test_include" time="0.217" errors="0" timestamp="2022-12-16T12:57:48 IST">
  <testcase classname="testNg_xml1.Multiclass4_include" name="A" time="0.016"/>
  <testcase classname="testNg_xml1.Multiclass4_include" name="B" time="0.003"/>
  <testcase classname="testNg_xml1.Multiclass4_include" name="C" time="0.004"/>
  <testcase classname="testNg_xml1.Multiclass4_include" name="D" time="0.005"/>
  <testcase classname="testNg_xml1.Multiclass2_include" name="L" time="0.002"/>
  <testcase classname="testNg_xml1.Multiclass2_include" name="M" time="0.003"/>
  <testcase classname="testNg_xml1.Multiclass2_include" name="N" time="0.002"/>
  <testcase classname="testNg_xml1.Multiclass2_include" name="O" time="0.002"/>
  <testcase classname="testNg_xml1.Multiclass2_include" name="P" time="0.002"/>
  <testcase classname="testNg_xml1.Multiclass2_include" name="R" time="0.002"/>
  <testcase classname="testNg_xml1.Multiclass1_include" name="E" time="0.004"/>
  <testcase classname="testNg_xml1.Multiclass1_include" name="F" time="0.007"/>
  <testcase classname="testNg_xml1.Multiclass1_include" name="G" time="0.002"/>
  <testcase classname="testNg_xml1.Multiclass3_include" name="C" time="0.002"/>
  <testcase classname="testNg_xml1.Multiclass3_include" name="D" time="0.002"/>
  <testcase classname="testNg_xml1.Multiclass3_include" name="E" time="0.002"/>
  <testcase classname="testNg_xml1.Multiclass3_include" name="F" time="0.002"/>
  <testcase classname="testNg_xml1.Multiclass3_include" name="G" time="0.001"/>
  <testcase classname="testNg_xml1.Multiclass3_include" name="O" time="0.001"/>
  <testcase classname="testNg_xml1.Multiclass1_include" name="A" time="0.0">
    <ignored/>
  </testcase> <!-- A -->
  <testcase classname="testNg_xml1.Multiclass1_include" name="B" time="0.0">
    <ignored/>
  </testcase> <!-- B -->
  <testcase classname="testNg_xml1.Multiclass1_include" name="D" time="0.0">
    <ignored/>
  </testcase> <!-- D -->
  <testcase classname="testNg_xml1.Multiclass1_include" name="I" time="0.0">
    <ignored/>
  </testcase> <!-- I -->
  <testcase classname="testNg_xml1.Multiclass1_include" name="J" time="0.0">
    <ignored/>
  </testcase> <!-- J -->
  <testcase classname="testNg_xml1.Multiclass2_include" name="K" time="0.0">
    <ignored/>
  </testcase> <!-- K -->
  <testcase classname="testNg_xml1.Multiclass1_include" name="C" time="0.0">
    <ignored/>
  </testcase> <!-- C -->
  <testcase classname="testNg_xml1.Multiclass4_include" name="I" time="0.0">
    <ignored/>
  </testcase> <!-- I -->
  <testcase classname="testNg_xml1.Multiclass4_include" name="F" time="0.0">
    <ignored/>
  </testcase> <!-- F -->
  <testcase classname="testNg_xml1.Multiclass2_include" name="Q" time="0.0">
    <ignored/>
  </testcase> <!-- Q -->
  <testcase classname="testNg_xml1.Multiclass3_include" name="I" time="0.0">
    <ignored/>
  </testcase> <!-- I -->
  <testcase classname="testNg_xml1.Multiclass2_include" name="S" time="0.0">
    <ignored/>
  </testcase> <!-- S -->
  <testcase classname="testNg_xml1.Multiclass3_include" name="J" time="0.0">
    <ignored/>
  </testcase> <!-- J -->
  <testcase classname="testNg_xml1.Multiclass4_include" name="J" time="0.0">
    <ignored/>
  </testcase> <!-- J -->
  <testcase classname="testNg_xml1.Multiclass4_include" name="O" time="0.0">
    <ignored/>
  </testcase> <!-- O -->
  <testcase classname="testNg_xml1.Multiclass2_include" name="Z" time="0.0">
    <ignored/>
  </testcase> <!-- Z -->
  <testcase classname="testNg_xml1.Multiclass3_include" name="A" time="0.0">
    <ignored/>
  </testcase> <!-- A -->
  <testcase classname="testNg_xml1.Multiclass4_include" name="E" time="0.0">
    <ignored/>
  </testcase> <!-- E -->
  <testcase classname="testNg_xml1.Multiclass3_include" name="B" time="0.0">
    <ignored/>
  </testcase> <!-- B -->
  <testcase classname="testNg_xml1.Multiclass4_include" name="G" time="0.0">
    <ignored/>
  </testcase> <!-- G -->
</testsuite> <!-- Multiclass_test_include -->
