<?xml version="1.0" encoding="UTF-8"?>
<!-- Generated by org.testng.reporters.JUnitXMLReporter -->
<testsuite ignored="0" hostname="DESKTOP-LPSVTKP" failures="0" tests="6" name="NEOSTOCK" time="34.045" errors="0" timestamp="2022-11-27T11:35:52 IST">
  <testcase classname="neostock_pom.Test_neostock" name="LounchBrowser" time="12.494"/>
  <testcase classname="neostock_pom.Test_neostock" name="login_Neostock" time="15.199"/>
  <testcase classname="neostock_pom.Test_neostock" name="validateUID" time="0.091"/>
  <testcase classname="neostock_pom.Test_neostock" name="ValidateB" time="6.089"/>
  <testcase classname="neostock_pom.Test_neostock" name="BALANCE" time="0.001"/>
  <testcase classname="neostock_pom.Test_neostock" name="validateBalance" time="0.049"/>
</testsuite> <!-- NEOSTOCK -->
