<?xml version="1.0" encoding="UTF-8"?>
<!-- Generated by org.testng.reporters.JUnitXMLReporter -->
<testsuite ignored="0" hostname="DESKTOP-LPSVTKP" failures="0" tests="3" name="Parallly_excutionEx2" time="33.775" errors="0" timestamp="2022-12-17T11:45:13 IST">
  <testcase classname="sirially_parallalyExcution.ParrallyExcutionEX1" name="Login1" time="11.376"/>
  <testcase classname="sirially_parallalyExcution.ParrallyExcutionEX1" name="Login2" time="8.275"/>
  <testcase classname="sirially_parallalyExcution.ParrallyExcutionEX1" name="Login3" time="14.015"/>
</testsuite> <!-- Parallly_excutionEx2 -->
