<?xml version="1.0" encoding="UTF-8"?>
<!-- Generated by org.testng.reporters.JUnitXMLReporter -->
<testsuite ignored="0" hostname="DESKTOP-LPSVTKP" failures="0" tests="4" name="Parallly_excutionEx3" time="65.098" errors="0" timestamp="2022-12-17T11:45:44 IST">
  <testcase classname="sirially_parallalyExcution.ParrallyExcutionEx2" name="Login4" time="11.561"/>
  <testcase classname="sirially_parallalyExcution.ParrallyExcutionEx2" name="Login5" time="10.121"/>
  <testcase classname="sirially_parallalyExcution.ParrallyExcutionEx2" name="Login6" time="20.071"/>
  <testcase classname="sirially_parallalyExcution.ParrallyExcutionEx2" name="Login7" time="23.232"/>
</testsuite> <!-- Parallly_excutionEx3 -->
