<?xml version="1.0" encoding="UTF-8"?>
<!-- Generated by org.testng.reporters.JUnitXMLReporter -->
<testsuite ignored="0" hostname="DESKTOP-LPSVTKP" failures="0" tests="4" name="Parallly_excutionEx4" time="0.151" errors="0" timestamp="2022-12-17T11:44:39 IST">
  <testcase classname="sirially_parallalyExcution.ParrallyExcutionEX3" name="A" time="0.019"/>
  <testcase classname="sirially_parallalyExcution.ParrallyExcutionEX3" name="B" time="0.002"/>
  <testcase classname="sirially_parallalyExcution.ParrallyExcutionEX3" name="C" time="0.007"/>
  <testcase classname="sirially_parallalyExcution.ParrallyExcutionEX3" name="D" time="0.003"/>
</testsuite> <!-- Parallly_excutionEx4 -->
