<?xml version="1.0" encoding="UTF-8"?>
<!-- Generated by org.testng.reporters.JUnitXMLReporter -->
<testsuite ignored="6" hostname="DESKTOP-LPSVTKP" failures="0" tests="4" name="SingleClass_include" time="0.131" errors="0" timestamp="2022-12-16T12:13:31 IST">
  <testcase classname="testNg_xml1.Include_single_class" name="A" time="0.023"/>
  <testcase classname="testNg_xml1.Include_single_class" name="B" time="0.003"/>
  <testcase classname="testNg_xml1.Include_single_class" name="C" time="0.001"/>
  <testcase classname="testNg_xml1.Include_single_class" name="E" time="0.003"/>
  <testcase classname="testNg_xml1.Include_single_class" name="I" time="0.0">
    <ignored/>
  </testcase> <!-- I -->
  <testcase classname="testNg_xml1.Include_single_class" name="J" time="0.0">
    <ignored/>
  </testcase> <!-- J -->
  <testcase classname="testNg_xml1.Include_single_class" name="f" time="0.0">
    <ignored/>
  </testcase> <!-- f -->
  <testcase classname="testNg_xml1.Include_single_class" name="G" time="0.0">
    <ignored/>
  </testcase> <!-- G -->
  <testcase classname="testNg_xml1.Include_single_class" name="H" time="0.0">
    <ignored/>
  </testcase> <!-- H -->
  <testcase classname="testNg_xml1.Include_single_class" name="D" time="0.0">
    <ignored/>
  </testcase> <!-- D -->
</testsuite> <!-- SingleClass_include -->
