<?xml version="1.0" encoding="UTF-8"?>
<!-- Generated by org.testng.reporters.JUnitXMLReporter -->
<testsuite ignored="0" hostname="DESKTOP-LPSVTKP" failures="0" tests="3" name="Sirially_Excution_xml1" time="25.284" errors="0" timestamp="2022-12-17T11:27:15 IST">
  <testcase classname="sirially_parallalyExcution.SiriallyExcutionEx3" name="Login1" time="10.541"/>
  <testcase classname="sirially_parallalyExcution.SiriallyExcutionEx3" name="Login2" time="6.924"/>
  <testcase classname="sirially_parallalyExcution.SiriallyExcutionEx3" name="Login3" time="7.667"/>
</testsuite> <!-- Sirially_Excution_xml1 -->
