<?xml version="1.0" encoding="UTF-8"?>
<!-- Generated by org.testng.reporters.JUnitXMLReporter -->
<testsuite ignored="0" hostname="DESKTOP-LPSVTKP" failures="0" tests="4" name="Sirially_Excution_xml2" time="39.982" errors="0" timestamp="2022-12-17T11:27:55 IST">
  <testcase classname="sirially_parallalyExcution.SiriallyExcutionEx4" name="Login4" time="9.14"/>
  <testcase classname="sirially_parallalyExcution.SiriallyExcutionEx4" name="Login5" time="10.969"/>
  <testcase classname="sirially_parallalyExcution.SiriallyExcutionEx4" name="Login6" time="9.686"/>
  <testcase classname="sirially_parallalyExcution.SiriallyExcutionEx4" name="Login7" time="10.131"/>
</testsuite> <!-- Sirially_Excution_xml2 -->
