<?xml version="1.0" encoding="UTF-8"?>
<!-- Generated by org.testng.reporters.JUnitXMLReporter -->
<testsuite ignored="0" hostname="DESKTOP-LPSVTKP" failures="0" tests="4" name="Sirially_Excution_xml3" time="0.04" errors="0" timestamp="2022-12-17T11:27:56 IST">
  <testcase classname="sirially_parallalyExcution.SiriallyExcutionEX5" name="A" time="0.003"/>
  <testcase classname="sirially_parallalyExcution.SiriallyExcutionEX5" name="B" time="0.011"/>
  <testcase classname="sirially_parallalyExcution.SiriallyExcutionEX5" name="C" time="0.003"/>
  <testcase classname="sirially_parallalyExcution.SiriallyExcutionEX5" name="D" time="0.002"/>
</testsuite> <!-- Sirially_Excution_xml3 -->
