<?xml version="1.0" encoding="UTF-8"?>
<!-- Generated by org.testng.reporters.JUnitXMLReporter -->
<testsuite ignored="3" hostname="DESKTOP-LPSVTKP" failures="0" tests="1" name="Default test(failed)(failed)(failed)" time="0.119" errors="0" timestamp="2022-11-22T09:43:58 IST">
  <testcase classname="failed_Xml.Failed_xml_ex2" name="B" time="0.026"/>
  <testcase classname="failed_Xml.Failed_xml_ex2" name="f" time="0.0">
    <ignored/>
  </testcase> <!-- f -->
  <testcase classname="failed_Xml.Failed_xml_ex2" name="C" time="0.0">
    <ignored/>
  </testcase> <!-- C -->
  <testcase classname="failed_Xml.Failed_xml_ex2" name="A" time="0.0">
    <ignored/>
  </testcase> <!-- A -->
</testsuite> <!-- Default test(failed)(failed)(failed) -->
